<?xml version="1.0" encoding="UTF-8"?>
<!-- Generated by org.testng.reporters.JUnitXMLReporter -->
<testsuite hostname="Marcos" ignored="0" name="Command line test" tests="1" failures="1" timestamp="16 oct 2018 16:34:37 GMT" time="19.73" errors="0">
  <testcase name="correctLogin" time="10.098" classname="Tests.Tests">
    <failure type="java.lang.AssertionError" message="expected [true] but found [false]">
      <![CDATA[java.lang.AssertionError: expected [true] but found [false]
at PagesObject.PageReservation.assertPageReservation(PageReservation.java:32)
at Tests.Tests.correctLogin(Tests.java:51)
... Removed 38 stack frames]]>
    </failure>
  </testcase> <!-- correctLogin -->
</testsuite> <!-- Command line test -->
